<?xml version="1.0" encoding="UTF-8"?>
<!-- Generated by org.testng.reporters.JUnitXMLReporter -->
<testsuite ignored="0" hostname="ASUS5-AK" failures="0" tests="3" name="Default test" time="14.038" errors="0" timestamp="2024-08-18T19:25:53 IST">
  <testcase classname="LoginPgaeTest.T01Login" name="Login" time="3.9"/>
  <testcase classname="LoginPgaeTest.T01Login" name="Logout" time="1.319"/>
  <testcase classname="LoginPgaeTest.T01Login" name="Logoutcomform" time="0.021"/>
</testsuite> <!-- Default test -->
