<?xml version="1.0" encoding="UTF-8"?>
<testng-results ignored="0" total="1" passed="1" failed="0" skipped="0">
  <reporter-output>
  </reporter-output>
  <suite started-at="2024-09-12T17:55:15 IST" name="Default suite" finished-at="2024-09-12T17:55:19 IST" duration-ms="4542">
    <groups>
    </groups>
    <test started-at="2024-09-12T17:55:15 IST" name="Default test" finished-at="2024-09-12T17:55:19 IST" duration-ms="4542">
      <class name="Header_Cookies.Cookies">
        <test-method signature="C()[pri:0, instance:Header_Cookies.Cookies@5b1669c0]" started-at="2024-09-12T17:55:15 IST" name="C" finished-at="2024-09-12T17:55:19 IST" duration-ms="4461" status="PASS">
          <reporter-output>
          </reporter-output>
        </test-method> <!-- C -->
      </class> <!-- Header_Cookies.Cookies -->
    </test> <!-- Default test -->
  </suite> <!-- Default suite -->
</testng-results>
