<?xml version="1.0" encoding="UTF-8"?>
<!-- Generated by org.testng.reporters.JUnitXMLReporter -->
<testsuite ignored="0" hostname="ASUS5-AK" failures="1" tests="4" name="TestLoginPage" time="16.47" errors="0" timestamp="2024-08-19T17:43:22 IST">
  <testcase classname="LoginPgaeTest.T01Login" name="Login" time="4.636"/>
  <testcase classname="LoginPgaeTest.T01Login" name="Logout" time="2.246"/>
  <testcase classname="LoginPgaeTest.T01Login" name="Logoutcomform" time="0.019"/>
  <testcase classname="LoginPgaeTest.T01Login" name="Menu" time="2.458">
    <failure type="java.lang.AssertionError" message="click Home button  expected [true] but found [false]">
      <![CDATA[java.lang.AssertionError: click Home button  expected [true] but found [false]
at LoginPgaeTest.T01Login.Menu(T01Login.java:25)
at java.base/java.util.ArrayList.forEach(ArrayList.java:1511)
... Removed 30 stack frames]]>
    </failure>
  </testcase> <!-- Menu -->
</testsuite> <!-- TestLoginPage -->
