<?xml version="1.0" encoding="UTF-8"?>
<!-- Generated by org.testng.reporters.JUnitXMLReporter -->
<testsuite ignored="0" hostname="ASUS5-AK" failures="0" tests="4" name="Test" time="27.908" errors="0" timestamp="2024-08-19T16:47:44 IST">
  <testcase classname="LoginPgaeTest.T01Login" name="Login" time="2.989"/>
  <testcase classname="LoginPgaeTest.T01Login" name="Logout" time="1.127"/>
  <testcase classname="LoginPgaeTest.T01Login" name="Logoutcomform" time="0.017"/>
  <testcase classname="LoginPgaeTest.T01Login" name="Menu" time="15.75"/>
</testsuite> <!-- Test -->
