<?xml version="1.0" encoding="UTF-8"?>
<testng-results ignored="0" total="3" passed="3" failed="0" skipped="0">
  <reporter-output>
  </reporter-output>
  <suite started-at="2024-08-21T16:13:10 IST" name="Default suite" finished-at="2024-08-21T16:13:33 IST" duration-ms="22335">
    <groups>
    </groups>
    <test started-at="2024-08-21T16:13:10 IST" name="Default test" finished-at="2024-08-21T16:13:33 IST" duration-ms="22335">
      <class name="FormTest.Testform">
        <test-method is-config="true" signature="starup()[pri:0, instance:FormTest.Testform@231f98ef]" started-at="2024-08-21T16:13:10 IST" name="starup" finished-at="2024-08-21T16:13:18 IST" duration-ms="7365" status="PASS">
          <reporter-output>
          </reporter-output>
        </test-method> <!-- starup -->
        <test-method signature="form([Ljava.lang.String;)[pri:0, instance:FormTest.Testform@231f98ef]" started-at="2024-08-21T16:13:19 IST" name="form" data-provider="data" finished-at="2024-08-21T16:13:27 IST" duration-ms="7469" status="PASS">
          <params>
            <param index="0">
              <value>
                <![CDATA[[Ljava.lang.String;@ca8ef3a]]>
              </value>
            </param>
          </params>
          <reporter-output>
          </reporter-output>
        </test-method> <!-- form -->
        <test-method signature="submit()[pri:0, instance:FormTest.Testform@231f98ef]" started-at="2024-08-21T16:13:27 IST" name="submit" finished-at="2024-08-21T16:13:27 IST" duration-ms="152" status="PASS">
          <reporter-output>
          </reporter-output>
        </test-method> <!-- submit -->
        <test-method signature="successdisplay()[pri:0, instance:FormTest.Testform@231f98ef]" started-at="2024-08-21T16:13:27 IST" name="successdisplay" finished-at="2024-08-21T16:13:32 IST" duration-ms="5456" status="PASS">
          <reporter-output>
          </reporter-output>
        </test-method> <!-- successdisplay -->
        <test-method is-config="true" signature="clear()[pri:0, instance:FormTest.Testform@231f98ef]" started-at="2024-08-21T16:13:32 IST" name="clear" finished-at="2024-08-21T16:13:33 IST" duration-ms="390" status="PASS">
          <reporter-output>
          </reporter-output>
        </test-method> <!-- clear -->
      </class> <!-- FormTest.Testform -->
    </test> <!-- Default test -->
  </suite> <!-- Default suite -->
</testng-results>
