<?xml version="1.0" encoding="UTF-8"?>
<!-- Generated by org.testng.reporters.JUnitXMLReporter -->
<testsuite ignored="0" hostname="ASUS5-AK" failures="0" tests="6" name="Test" time="25.138" errors="0" timestamp="2024-09-15T16:22:25 IST">
  <testcase classname="Test.Test1" name="Login" time="0.715"/>
  <testcase classname="Test.Test1" name="Home" time="0.669"/>
  <testcase classname="Test.Test1" name="card" time="0.334"/>
  <testcase classname="Test.Test1" name="userdetails" time="0.573"/>
  <testcase classname="Test.Test1" name="orderplaced" time="0.118"/>
  <testcase classname="Test.Test1" name="Logout" time="6.826"/>
</testsuite> <!-- Test -->
