<?xml version="1.0" encoding="UTF-8"?>
<!-- Generated by org.testng.reporters.JUnitReportReporter -->
<testsuite hostname="ASUS5-AK" failures="1" tests="3" name="Testrunner.Runner" time="21.874" errors="0" timestamp="2024-09-17T15:41:25 IST" skipped="0">
  <testcase classname="Testrunner.Runner" name="runScenario" time="5.106"/>
  <testcase classname="Testrunner.Runner" name="runScenario" time="7.116"/>
  <testcase classname="Testrunner.Runner" name="runScenario" time="9.652">
    <failure message="expected [true] but found [false]" type="java.lang.AssertionError">
      <![CDATA[java.lang.AssertionError: expected [true] but found [false]
at org.testng.Assert.fail(Assert.java:111)
at org.testng.Assert.failNotEquals(Assert.java:1578)
at org.testng.Assert.assertEqualsImpl(Assert.java:150)
at org.testng.Assert.assertEquals(Assert.java:132)
at org.testng.Assert.assertEquals(Assert.java:1067)
at org.testng.Assert.assertEquals(Assert.java:1031)
at org.testng.Assert.assertEquals(Assert.java:1077)
at Loginsteps.cardcount.cardCountShouldBeUpdated(cardcount.java:41)
at ✽.Card count should be updated(file:///C:/Users/Admin/git/Test-Projects/Cucumber/src/test/java/features/Card.feature:8)
]]>
    </failure>
  </testcase> <!-- runScenario -->
</testsuite> <!-- Testrunner.Runner -->
