<?xml version="1.0" encoding="UTF-8"?>
<!-- Generated by org.testng.reporters.JUnitXMLReporter -->
<testsuite ignored="0" hostname="ASUS5-AK" failures="0" tests="3" name="Default test" time="22.335" errors="0" timestamp="2024-08-21T16:13:33 IST">
  <testcase classname="FormTest.Testform" name="form" time="7.469"/>
  <testcase classname="FormTest.Testform" name="submit" time="0.152"/>
  <testcase classname="FormTest.Testform" name="successdisplay" time="5.456"/>
</testsuite> <!-- Default test -->
